# JRE version: OpenJDK Runtime Environment (8.0_212-b04) (build 1.8.0_212-release-1586-b04)
# Java VM: OpenJDK 64-Bit Server VM (25.212-b04 mixed mode windows-amd64 compressed oops)
Heap:
 PSYoungGen      total 217088K, used 192601K [0x00000000e0000000, 0x00000000efd80000, 0x0000000100000000)
  eden space 199168K, 88% used [0x00000000e0000000,0x00000000eace8988,0x00000000ec280000)
  from space 17920K, 86% used [0x00000000ec280000,0x00000000ed1adb70,0x00000000ed400000)
  to   space 19456K, 0% used [0x00000000eea80000,0x00000000eea80000,0x00000000efd80000)
 ParOldGen       total 90624K, used 34278K [0x00000000a0000000, 0x00000000a5880000, 0x00000000e0000000)
  object space 90624K, 37% used [0x00000000a0000000,0x00000000a2179a00,0x00000000a5880000)
 Metaspace       used 71007K, capacity 73746K, committed 73984K, reserved 1114112K
  class space    used 9584K, capacity 10130K, committed 10240K, reserved 1048576K
GC Heap History (10 events):
Event: 30.043 GC heap before
{Heap before GC invocations=12 (full 2):
 PSYoungGen      total 161792K, used 4480K [0x00000000e0000000, 0x00000000ec300000, 0x0000000100000000)
  eden space 148480K, 0% used [0x00000000e0000000,0x00000000e0000000,0x00000000e9100000)
  from space 13312K, 33% used [0x00000000e9d80000,0x00000000ea1e0000,0x00000000eaa80000)
  to   space 12800K, 0% used [0x00000000e9100000,0x00000000e9100000,0x00000000e9d80000)
 ParOldGen       total 37888K, used 16829K [0x00000000a0000000, 0x00000000a2500000, 0x00000000e0000000)
  object space 37888K, 44% used [0x00000000a0000000,0x00000000a106f5d0,0x00000000a2500000)
 Metaspace       used 34603K, capacity 35392K, committed 35456K, reserved 1079296K
  class space    used 4731K, capacity 4953K, committed 4992K, reserved 1048576K
Event: 30.268 GC heap after
Heap after GC invocations=12 (full 2):
 PSYoungGen      total 161792K, used 0K [0x00000000e0000000, 0x00000000ec300000, 0x0000000100000000)
  eden space 148480K, 0% used [0x00000000e0000000,0x00000000e0000000,0x00000000e9100000)
  from space 13312K, 0% used [0x00000000e9d80000,0x00000000e9d80000,0x00000000eaa80000)
  to   space 12800K, 0% used [0x00000000e9100000,0x00000000e9100000,0x00000000e9d80000)
 ParOldGen       total 51200K, used 14692K [0x00000000a0000000, 0x00000000a3200000, 0x00000000e0000000)
  object space 51200K, 28% used [0x00000000a0000000,0x00000000a0e59158,0x00000000a3200000)
 Metaspace       used 34603K, capacity 35392K, committed 35456K, reserved 1079296K
  class space    used 4731K, capacity 4953K, committed 4992K, reserved 1048576K
}
Event: 37.936 GC heap before
{Heap before GC invocations=13 (full 2):
 PSYoungGen      total 161792K, used 148480K [0x00000000e0000000, 0x00000000ec300000, 0x0000000100000000)
  eden space 148480K, 100% used [0x00000000e0000000,0x00000000e9100000,0x00000000e9100000)
  from space 13312K, 0% used [0x00000000e9d80000,0x00000000e9d80000,0x00000000eaa80000)
  to   space 12800K, 0% used [0x00000000e9100000,0x00000000e9100000,0x00000000e9d80000)
 ParOldGen       total 51200K, used 14692K [0x00000000a0000000, 0x00000000a3200000, 0x00000000e0000000)
  object space 51200K, 28% used [0x00000000a0000000,0x00000000a0e59158,0x00000000a3200000)
 Metaspace       used 49263K, capacity 50524K, committed 50688K, reserved 1093632K
  class space    used 6541K, capacity 6797K, committed 6912K, reserved 1048576K
Event: 38.144 GC heap after
Heap after GC invocations=13 (full 2):
 PSYoungGen      total 161280K, used 12773K [0x00000000e0000000, 0x00000000ee480000, 0x0000000100000000)
  eden space 148480K, 0% used [0x00000000e0000000,0x00000000e0000000,0x00000000e9100000)
  from space 12800K, 99% used [0x00000000e9100000,0x00000000e9d795c0,0x00000000e9d80000)
  to   space 16896K, 0% used [0x00000000ed400000,0x00000000ed400000,0x00000000ee480000)
 ParOldGen       total 51200K, used 20980K [0x00000000a0000000, 0x00000000a3200000, 0x00000000e0000000)
  object space 51200K, 40% used [0x00000000a0000000,0x00000000a147d070,0x00000000a3200000)
 Metaspace       used 49263K, capacity 50524K, committed 50688K, reserved 1093632K
  class space    used 6541K, capacity 6797K, committed 6912K, reserved 1048576K
}
Event: 47.032 GC heap before
{Heap before GC invocations=14 (full 2):
 PSYoungGen      total 161280K, used 123388K [0x00000000e0000000, 0x00000000ee480000, 0x0000000100000000)
  eden space 148480K, 74% used [0x00000000e0000000,0x00000000e6c05d28,0x00000000e9100000)
  from space 12800K, 99% used [0x00000000e9100000,0x00000000e9d795c0,0x00000000e9d80000)
  to   space 16896K, 0% used [0x00000000ed400000,0x00000000ed400000,0x00000000ee480000)
 ParOldGen       total 51200K, used 20980K [0x00000000a0000000, 0x00000000a3200000, 0x00000000e0000000)
  object space 51200K, 40% used [0x00000000a0000000,0x00000000a147d070,0x00000000a3200000)
 Metaspace       used 57162K, capacity 58944K, committed 59096K, reserved 1099776K
  class space    used 7815K, capacity 8195K, committed 8320K, reserved 1048576K
Event: 47.209 GC heap after
Heap after GC invocations=14 (full 2):
 PSYoungGen      total 216064K, used 11888K [0x00000000e0000000, 0x00000000ee780000, 0x0000000100000000)
  eden space 199168K, 0% used [0x00000000e0000000,0x00000000e0000000,0x00000000ec280000)
  from space 16896K, 70% used [0x00000000ed400000,0x00000000edf9c190,0x00000000ee480000)
  to   space 17920K, 0% used [0x00000000ec280000,0x00000000ec280000,0x00000000ed400000)
 ParOldGen       total 51200K, used 29793K [0x00000000a0000000, 0x00000000a3200000, 0x00000000e0000000)
  object space 51200K, 58% used [0x00000000a0000000,0x00000000a1d186a8,0x00000000a3200000)
 Metaspace       used 57162K, capacity 58944K, committed 59096K, reserved 1099776K
  class space    used 7815K, capacity 8195K, committed 8320K, reserved 1048576K
}
Event: 47.209 GC heap before
{Heap before GC invocations=15 (full 3):
 PSYoungGen      total 216064K, used 11888K [0x00000000e0000000, 0x00000000ee780000, 0x0000000100000000)
  eden space 199168K, 0% used [0x00000000e0000000,0x00000000e0000000,0x00000000ec280000)
  from space 16896K, 70% used [0x00000000ed400000,0x00000000edf9c190,0x00000000ee480000)
  to   space 17920K, 0% used [0x00000000ec280000,0x00000000ec280000,0x00000000ed400000)
 ParOldGen       total 51200K, used 29793K [0x00000000a0000000, 0x00000000a3200000, 0x00000000e0000000)
  object space 51200K, 58% used [0x00000000a0000000,0x00000000a1d186a8,0x00000000a3200000)
 Metaspace       used 57162K, capacity 58944K, committed 59096K, reserved 1099776K
  class space    used 7815K, capacity 8195K, committed 8320K, reserved 1048576K
Event: 52.100 GC heap after
Heap after GC invocations=15 (full 3):
 PSYoungGen      total 216064K, used 0K [0x00000000e0000000, 0x00000000ee780000, 0x0000000100000000)
  eden space 199168K, 0% used [0x00000000e0000000,0x00000000e0000000,0x00000000ec280000)
  from space 16896K, 0% used [0x00000000ed400000,0x00000000ed400000,0x00000000ee480000)
  to   space 17920K, 0% used [0x00000000ec280000,0x00000000ec280000,0x00000000ed400000)
 ParOldGen       total 90624K, used 34270K [0x00000000a0000000, 0x00000000a5880000, 0x00000000e0000000)
  object space 90624K, 37% used [0x00000000a0000000,0x00000000a2177a00,0x00000000a5880000)
 Metaspace       used 57162K, capacity 58944K, committed 59096K, reserved 1099776K
  class space    used 7815K, capacity 8195K, committed 8320K, reserved 1048576K
}
Event: 63.858 GC heap before
{Heap before GC invocations=16 (full 3):
 PSYoungGen      total 216064K, used 199168K [0x00000000e0000000, 0x00000000ee780000, 0x0000000100000000)
  eden space 199168K, 100% used [0x00000000e0000000,0x00000000ec280000,0x00000000ec280000)
  from space 16896K, 0% used [0x00000000ed400000,0x00000000ed400000,0x00000000ee480000)
  to   space 17920K, 0% used [0x00000000ec280000,0x00000000ec280000,0x00000000ed400000)
 ParOldGen       total 90624K, used 34270K [0x00000000a0000000, 0x00000000a5880000, 0x00000000e0000000)
  object space 90624K, 37% used [0x00000000a0000000,0x00000000a2177a00,0x00000000a5880000)
 Metaspace       used 63371K, capacity 65828K, committed 66048K, reserved 1105920K
  class space    used 8645K, capacity 9145K, committed 9216K, reserved 1048576K
Event: 64.198 GC heap after
Heap after GC invocations=16 (full 3):
 PSYoungGen      total 217088K, used 15542K [0x00000000e0000000, 0x00000000efd80000, 0x0000000100000000)
  eden space 199168K, 0% used [0x00000000e0000000,0x00000000e0000000,0x00000000ec280000)
  from space 17920K, 86% used [0x00000000ec280000,0x00000000ed1adb70,0x00000000ed400000)
  to   space 19456K, 0% used [0x00000000eea80000,0x00000000eea80000,0x00000000efd80000)
 ParOldGen       total 90624K, used 34278K [0x00000000a0000000, 0x00000000a5880000, 0x00000000e0000000)
  object space 90624K, 37% used [0x00000000a0000000,0x00000000a2179a00,0x00000000a5880000)
 Metaspace       used 63371K, capacity 65828K, committed 66048K, reserved 1105920K
  class space    used 8645K, capacity 9145K, committed 9216K, reserved 1048576K
}

