# JRE version: OpenJDK Runtime Environment (8.0_212-b04) (build 1.8.0_212-release-1586-b04)
# Java VM: OpenJDK 64-Bit Server VM (25.212-b04 mixed mode windows-amd64 compressed oops)
Heap:
 PSYoungGen      total 340992K, used 229506K [0x00000000e0000000, 0x00000000f8a00000, 0x0000000100000000)
  eden space 321024K, 65% used [0x00000000e0000000,0x00000000ecca6290,0x00000000f3980000)
  from space 19968K, 99% used [0x00000000f3980000,0x00000000f4cfa878,0x00000000f4d00000)
  to   space 20480K, 0% used [0x00000000f7600000,0x00000000f7600000,0x00000000f8a00000)
 ParOldGen       total 128000K, used 76166K [0x00000000a0000000, 0x00000000a7d00000, 0x00000000e0000000)
  object space 128000K, 59% used [0x00000000a0000000,0x00000000a4a618e8,0x00000000a7d00000)
 Metaspace       used 102396K, capacity 107416K, committed 107520K, reserved 1142784K
  class space    used 13336K, capacity 14334K, committed 14336K, reserved 1048576K
GC Heap History (10 events):
Event: 657.848 GC heap before
{Heap before GC invocations=27 (full 4):
 PSYoungGen      total 333824K, used 317952K [0x00000000e0000000, 0x00000000f5c80000, 0x0000000100000000)
  eden space 317952K, 100% used [0x00000000e0000000,0x00000000f3680000,0x00000000f3680000)
  from space 15872K, 0% used [0x00000000f4d00000,0x00000000f4d00000,0x00000000f5c80000)
  to   space 19456K, 0% used [0x00000000f3680000,0x00000000f3680000,0x00000000f4980000)
 ParOldGen       total 128000K, used 61187K [0x00000000a0000000, 0x00000000a7d00000, 0x00000000e0000000)
  object space 128000K, 47% used [0x00000000a0000000,0x00000000a3bc0dc0,0x00000000a7d00000)
 Metaspace       used 101590K, capacity 106574K, committed 106752K, reserved 1142784K
  class space    used 13286K, capacity 14279K, committed 14336K, reserved 1048576K
Event: 657.934 GC heap after
Heap after GC invocations=27 (full 4):
 PSYoungGen      total 337408K, used 14850K [0x00000000e0000000, 0x00000000f5c80000, 0x0000000100000000)
  eden space 317952K, 0% used [0x00000000e0000000,0x00000000e0000000,0x00000000f3680000)
  from space 19456K, 76% used [0x00000000f3680000,0x00000000f45008d0,0x00000000f4980000)
  to   space 15872K, 0% used [0x00000000f4d00000,0x00000000f4d00000,0x00000000f5c80000)
 ParOldGen       total 128000K, used 61195K [0x00000000a0000000, 0x00000000a7d00000, 0x00000000e0000000)
  object space 128000K, 47% used [0x00000000a0000000,0x00000000a3bc2dc0,0x00000000a7d00000)
 Metaspace       used 101590K, capacity 106574K, committed 106752K, reserved 1142784K
  class space    used 13286K, capacity 14279K, committed 14336K, reserved 1048576K
}
Event: 662.040 GC heap before
{Heap before GC invocations=28 (full 4):
 PSYoungGen      total 337408K, used 332802K [0x00000000e0000000, 0x00000000f5c80000, 0x0000000100000000)
  eden space 317952K, 100% used [0x00000000e0000000,0x00000000f3680000,0x00000000f3680000)
  from space 19456K, 76% used [0x00000000f3680000,0x00000000f45008d0,0x00000000f4980000)
  to   space 15872K, 0% used [0x00000000f4d00000,0x00000000f4d00000,0x00000000f5c80000)
 ParOldGen       total 128000K, used 61195K [0x00000000a0000000, 0x00000000a7d00000, 0x00000000e0000000)
  object space 128000K, 47% used [0x00000000a0000000,0x00000000a3bc2dc0,0x00000000a7d00000)
 Metaspace       used 102014K, capacity 107090K, committed 107264K, reserved 1142784K
  class space    used 13327K, capacity 14329K, committed 14336K, reserved 1048576K
Event: 662.091 GC heap after
Heap after GC invocations=28 (full 4):
 PSYoungGen      total 336896K, used 6574K [0x00000000e0000000, 0x00000000f9780000, 0x0000000100000000)
  eden space 321024K, 0% used [0x00000000e0000000,0x00000000e0000000,0x00000000f3980000)
  from space 15872K, 41% used [0x00000000f4d00000,0x00000000f536b9d0,0x00000000f5c80000)
  to   space 19968K, 0% used [0x00000000f3980000,0x00000000f3980000,0x00000000f4d00000)
 ParOldGen       total 128000K, used 64257K [0x00000000a0000000, 0x00000000a7d00000, 0x00000000e0000000)
  object space 128000K, 50% used [0x00000000a0000000,0x00000000a3ec0700,0x00000000a7d00000)
 Metaspace       used 102014K, capacity 107090K, committed 107264K, reserved 1142784K
  class space    used 13327K, capacity 14329K, committed 14336K, reserved 1048576K
}
Event: 664.319 GC heap before
{Heap before GC invocations=29 (full 4):
 PSYoungGen      total 336896K, used 327598K [0x00000000e0000000, 0x00000000f9780000, 0x0000000100000000)
  eden space 321024K, 100% used [0x00000000e0000000,0x00000000f3980000,0x00000000f3980000)
  from space 15872K, 41% used [0x00000000f4d00000,0x00000000f536b9d0,0x00000000f5c80000)
  to   space 19968K, 0% used [0x00000000f3980000,0x00000000f3980000,0x00000000f4d00000)
 ParOldGen       total 128000K, used 64257K [0x00000000a0000000, 0x00000000a7d00000, 0x00000000e0000000)
  object space 128000K, 50% used [0x00000000a0000000,0x00000000a3ec0700,0x00000000a7d00000)
 Metaspace       used 102242K, capacity 107254K, committed 107264K, reserved 1142784K
  class space    used 13333K, capacity 14333K, committed 14336K, reserved 1048576K
Event: 664.339 GC heap after
Heap after GC invocations=29 (full 4):
 PSYoungGen      total 340992K, used 12443K [0x00000000e0000000, 0x00000000f8a00000, 0x0000000100000000)
  eden space 321024K, 0% used [0x00000000e0000000,0x00000000e0000000,0x00000000f3980000)
  from space 19968K, 62% used [0x00000000f3980000,0x00000000f45a6d80,0x00000000f4d00000)
  to   space 20480K, 0% used [0x00000000f7600000,0x00000000f7600000,0x00000000f8a00000)
 ParOldGen       total 128000K, used 64265K [0x00000000a0000000, 0x00000000a7d00000, 0x00000000e0000000)
  object space 128000K, 50% used [0x00000000a0000000,0x00000000a3ec2700,0x00000000a7d00000)
 Metaspace       used 102242K, capacity 107254K, committed 107264K, reserved 1142784K
  class space    used 13333K, capacity 14333K, committed 14336K, reserved 1048576K
}
Event: 665.793 GC heap before
{Heap before GC invocations=30 (full 4):
 PSYoungGen      total 340992K, used 333467K [0x00000000e0000000, 0x00000000f8a00000, 0x0000000100000000)
  eden space 321024K, 100% used [0x00000000e0000000,0x00000000f3980000,0x00000000f3980000)
  from space 19968K, 62% used [0x00000000f3980000,0x00000000f45a6d80,0x00000000f4d00000)
  to   space 20480K, 0% used [0x00000000f7600000,0x00000000f7600000,0x00000000f8a00000)
 ParOldGen       total 128000K, used 64265K [0x00000000a0000000, 0x00000000a7d00000, 0x00000000e0000000)
  object space 128000K, 50% used [0x00000000a0000000,0x00000000a3ec2700,0x00000000a7d00000)
 Metaspace       used 102341K, capacity 107406K, committed 107520K, reserved 1142784K
  class space    used 13334K, capacity 14333K, committed 14336K, reserved 1048576K
Event: 666.027 GC heap after
Heap after GC invocations=30 (full 4):
 PSYoungGen      total 341504K, used 20464K [0x00000000e0000000, 0x00000000f8a00000, 0x0000000100000000)
  eden space 321024K, 0% used [0x00000000e0000000,0x00000000e0000000,0x00000000f3980000)
  from space 20480K, 99% used [0x00000000f7600000,0x00000000f89fc120,0x00000000f8a00000)
  to   space 19968K, 0% used [0x00000000f3980000,0x00000000f3980000,0x00000000f4d00000)
 ParOldGen       total 128000K, used 67610K [0x00000000a0000000, 0x00000000a7d00000, 0x00000000e0000000)
  object space 128000K, 52% used [0x00000000a0000000,0x00000000a4206b58,0x00000000a7d00000)
 Metaspace       used 102341K, capacity 107406K, committed 107520K, reserved 1142784K
  class space    used 13334K, capacity 14333K, committed 14336K, reserved 1048576K
}
Event: 668.894 GC heap before
{Heap before GC invocations=31 (full 4):
 PSYoungGen      total 341504K, used 341488K [0x00000000e0000000, 0x00000000f8a00000, 0x0000000100000000)
  eden space 321024K, 100% used [0x00000000e0000000,0x00000000f3980000,0x00000000f3980000)
  from space 20480K, 99% used [0x00000000f7600000,0x00000000f89fc120,0x00000000f8a00000)
  to   space 19968K, 0% used [0x00000000f3980000,0x00000000f3980000,0x00000000f4d00000)
 ParOldGen       total 128000K, used 67610K [0x00000000a0000000, 0x00000000a7d00000, 0x00000000e0000000)
  object space 128000K, 52% used [0x00000000a0000000,0x00000000a4206b58,0x00000000a7d00000)
 Metaspace       used 102374K, capacity 107410K, committed 107520K, reserved 1142784K
  class space    used 13336K, capacity 14333K, committed 14336K, reserved 1048576K
Event: 669.064 GC heap after
Heap after GC invocations=31 (full 4):
 PSYoungGen      total 340992K, used 19946K [0x00000000e0000000, 0x00000000f8a00000, 0x0000000100000000)
  eden space 321024K, 0% used [0x00000000e0000000,0x00000000e0000000,0x00000000f3980000)
  from space 19968K, 99% used [0x00000000f3980000,0x00000000f4cfa878,0x00000000f4d00000)
  to   space 20480K, 0% used [0x00000000f7600000,0x00000000f7600000,0x00000000f8a00000)
 ParOldGen       total 128000K, used 76166K [0x00000000a0000000, 0x00000000a7d00000, 0x00000000e0000000)
  object space 128000K, 59% used [0x00000000a0000000,0x00000000a4a618e8,0x00000000a7d00000)
 Metaspace       used 102374K, capacity 107410K, committed 107520K, reserved 1142784K
  class space    used 13336K, capacity 14333K, committed 14336K, reserved 1048576K
}

